<?xml version="1.0" encoding="UTF-8"?>
<testsuite xmlns:xsi="http://www.w3.org/2001/XMLSchema-instance" xsi:noNamespaceSchemaLocation="https://maven.apache.org/surefire/maven-surefire-plugin/xsd/surefire-test-report.xsd" version="3.0.1" name="learn.junit.anas.javaunittest.CalculatorTest" time="0.025" tests="4" errors="0" skipped="0" failures="0">
  <properties>
    <property name="java.specification.version" value="24"/>
    <property name="sun.cpu.isalist" value="amd64"/>
    <property name="sun.jnu.encoding" value="Cp1252"/>
    <property name="java.class.path" value="D:\bagian kuliah\@mulai ngoding\belajar-java-jawa\learn-junit\learn-junit-anas\target\test-classes;D:\bagian kuliah\@mulai ngoding\belajar-java-jawa\learn-junit\learn-junit-anas\target\classes;C:\Users\khair\.m2\repository\org\junit\jupiter\junit-jupiter-api\5.11.0\junit-jupiter-api-5.11.0.jar;C:\Users\khair\.m2\repository\org\opentest4j\opentest4j\1.3.0\opentest4j-1.3.0.jar;C:\Users\khair\.m2\repository\org\junit\platform\junit-platform-commons\1.11.0\junit-platform-commons-1.11.0.jar;C:\Users\khair\.m2\repository\org\apiguardian\apiguardian-api\1.1.2\apiguardian-api-1.1.2.jar;C:\Users\khair\.m2\repository\org\junit\jupiter\junit-jupiter-params\5.11.0\junit-jupiter-params-5.11.0.jar;"/>
    <property name="java.vm.vendor" value="Oracle Corporation"/>
    <property name="sun.arch.data.model" value="64"/>
    <property name="user.variant" value=""/>
    <property name="java.vendor.url" value="https://java.oracle.com/"/>
    <property name="user.timezone" value="Asia/Jakarta"/>
    <property name="os.name" value="Windows 11"/>
    <property name="java.vm.specification.version" value="24"/>
    <property name="sun.java.launcher" value="SUN_STANDARD"/>
    <property name="user.country" value="US"/>
    <property name="sun.boot.library.path" value="C:\Program Files\Java\jdk-24\bin"/>
    <property name="sun.java.command" value="C:\Users\khair\AppData\Local\Temp\surefire11217521854749351256\surefirebooter-20250512162003522_3.jar C:\Users\khair\AppData\Local\Temp\surefire11217521854749351256 2025-05-12T16-20-03_312-jvmRun1 surefire-20250512162003522_1tmp surefire_0-20250512162003522_2tmp"/>
    <property name="jdk.debug" value="release"/>
    <property name="surefire.test.class.path" value="D:\bagian kuliah\@mulai ngoding\belajar-java-jawa\learn-junit\learn-junit-anas\target\test-classes;D:\bagian kuliah\@mulai ngoding\belajar-java-jawa\learn-junit\learn-junit-anas\target\classes;C:\Users\khair\.m2\repository\org\junit\jupiter\junit-jupiter-api\5.11.0\junit-jupiter-api-5.11.0.jar;C:\Users\khair\.m2\repository\org\opentest4j\opentest4j\1.3.0\opentest4j-1.3.0.jar;C:\Users\khair\.m2\repository\org\junit\platform\junit-platform-commons\1.11.0\junit-platform-commons-1.11.0.jar;C:\Users\khair\.m2\repository\org\apiguardian\apiguardian-api\1.1.2\apiguardian-api-1.1.2.jar;C:\Users\khair\.m2\repository\org\junit\jupiter\junit-jupiter-params\5.11.0\junit-jupiter-params-5.11.0.jar;"/>
    <property name="sun.cpu.endian" value="little"/>
    <property name="user.home" value="C:\Users\khair"/>
    <property name="user.language" value="en"/>
    <property name="java.specification.vendor" value="Oracle Corporation"/>
    <property name="java.version.date" value="2025-03-18"/>
    <property name="java.home" value="C:\Program Files\Java\jdk-24"/>
    <property name="file.separator" value="\"/>
    <property name="basedir" value="D:\bagian kuliah\@mulai ngoding\belajar-java-jawa\learn-junit\learn-junit-anas"/>
    <property name="java.vm.compressedOopsMode" value="Zero based"/>
    <property name="line.separator" value="&#10;"/>
    <property name="java.vm.specification.vendor" value="Oracle Corporation"/>
    <property name="java.specification.name" value="Java Platform API Specification"/>
    <property name="surefire.real.class.path" value="C:\Users\khair\AppData\Local\Temp\surefire11217521854749351256\surefirebooter-20250512162003522_3.jar"/>
    <property name="user.script" value=""/>
    <property name="sun.management.compiler" value="HotSpot 64-Bit Tiered Compilers"/>
    <property name="java.runtime.version" value="24+36-3646"/>
    <property name="user.name" value="khair"/>
    <property name="stdout.encoding" value="Cp1252"/>
    <property name="path.separator" value=";"/>
    <property name="os.version" value="10.0"/>
    <property name="java.runtime.name" value="Java(TM) SE Runtime Environment"/>
    <property name="file.encoding" value="UTF-8"/>
    <property name="java.vm.name" value="Java HotSpot(TM) 64-Bit Server VM"/>
    <property name="localRepository" value="C:\Users\khair\.m2\repository"/>
    <property name="java.vendor.url.bug" value="https://bugreport.java.com/bugreport/"/>
    <property name="java.io.tmpdir" value="C:\Users\khair\AppData\Local\Temp\"/>
    <property name="java.version" value="24"/>
    <property name="user.dir" value="D:\bagian kuliah\@mulai ngoding\belajar-java-jawa\learn-junit\learn-junit-anas"/>
    <property name="os.arch" value="amd64"/>
    <property name="java.vm.specification.name" value="Java Virtual Machine Specification"/>
    <property name="sun.os.patch.level" value=""/>
    <property name="native.encoding" value="Cp1252"/>
    <property name="java.library.path" value="C:\Program Files\Java\jdk-24\bin;C:\WINDOWS\Sun\Java\bin;C:\WINDOWS\system32;C:\WINDOWS;C:\Program Files\Common Files\Oracle\Java\javapath;C:\Program Files (x86)\Common Files\Intel\Shared Libraries\redist\intel64\compiler;C:\WINDOWS\system32;C:\WINDOWS;C:\WINDOWS\System32\Wbem;C:\WINDOWS\System32\WindowsPowerShell\v1.0\;C:\WINDOWS\System32\OpenSSH\;C:\Program Files (x86)\QuickTime\QTSystem\;C:\Program Files\Java\jdk-17\bin;C:\xampp\php;C:\ProgramData\ComposerSetup\bin;C:\Program Files\dotnet\;C:\Program Files\nodejs\;C:\Program Files\Go\bin;C:\Program Files\Docker\Docker\resources\bin;C:\Program Files\Git\cmd;C:\Program Files\OpenSSL-Win64\bin;C:\ngrok;C:\Program Files (x86)\NVIDIA Corporation\PhysX\Common;C:\Program Files\NVIDIA Corporation\NVIDIA app\NvDLISR;C:\WINDOWS\system32;C:\WINDOWS;C:\WINDOWS\System32\Wbem;C:\WINDOWS\System32\WindowsPowerShell\v1.0\;C:\WINDOWS\System32\OpenSSH\;C:\Program Files\Java\jdk-24\bin;C:\Users\khair\AppData\Local\Programs\Python\Python310\;C:\Users\khair\AppData\Local\Programs\Python\Python310\Scripts\;C:\Program Files\Apache\Maven\bin;C:\Users\khair\AppData\Local\Microsoft\WindowsApps;C:\Users\khair\AppData\Local\Programs\Microsoft VS Code\bin;C:\Users\khair\AppData\Local\Programs\Microsoft VS Code Insiders\bin;C:\msys64\mingw64\bin;C:\Users\khair\AppData\Roaming\Composer\vendor\bin;C:\Users\khair\AppData\Local\spicetify;C:\Users\khair\AppData\Local\GitHubDesktop\bin;C:\Users\khair\AppData\Roaming\npm;C:\Users\khair\AppData\Local\Google\Cloud SDK\google-cloud-sdk\bin;C:\Users\khair\go\bin;C:\Users\khair\AppData\Local\Programs\oh-my-posh\bin;C:\ngrok;C:\Users\khair\AppData\Local\Microsoft\WindowsApps;C:\Users\khair\AppData\Local\Programs\Python\Python310\;C:\Users\khair\AppData\Local\Programs\Python\Python310\Scripts\;C:\Program Files\Apache\Maven\bin;;."/>
    <property name="java.vm.info" value="mixed mode, sharing"/>
    <property name="stderr.encoding" value="Cp1252"/>
    <property name="java.vendor" value="Oracle Corporation"/>
    <property name="java.vm.version" value="24+36-3646"/>
    <property name="sun.io.unicode.encoding" value="UnicodeLittle"/>
    <property name="java.class.version" value="68.0"/>
  </properties>
  <testcase name="testDevidedSucces" classname="learn.junit.anas.javaunittest.CalculatorTest" time="0.005">
    <system-out><![CDATA[devided method Success
]]></system-out>
  </testcase>
  <testcase name="testTimesSucces" classname="learn.junit.anas.javaunittest.CalculatorTest" time="0.004">
    <system-out><![CDATA[times method Success
]]></system-out>
  </testcase>
  <testcase name="testMinusSucces" classname="learn.junit.anas.javaunittest.CalculatorTest" time="0.002">
    <system-out><![CDATA[minus method Success
]]></system-out>
  </testcase>
  <testcase name="testAddSucces" classname="learn.junit.anas.javaunittest.CalculatorTest" time="0.003">
    <system-out><![CDATA[add method Success
]]></system-out>
  </testcase>
</testsuite>